<?xml version="1.0" encoding="UTF-8" ?>
<testsuite tests="1" failures="0" name="org.sonatype.mavenbook.weather.yahoo.WeatherFormatterTest" time="0.312" errors="0" skipped="0">
  <properties>
    <property name="java.runtime.name" value="Java(TM) SE Runtime Environment"/>
    <property name="sun.boot.library.path" value="C:\Program Files (x86)\Java\jdk1.8.0_66\jre\bin"/>
    <property name="java.vm.version" value="25.66-b18"/>
    <property name="java.vm.vendor" value="Oracle Corporation"/>
    <property name="maven.multiModuleProjectDirectory" value="C:/mvnpratice/ch-multi"/>
    <property name="java.vendor.url" value="http://java.oracle.com/"/>
    <property name="path.separator" value=";"/>
    <property name="guice.disable.misplaced.annotation.check" value="true"/>
    <property name="java.vm.name" value="Java HotSpot(TM) Client VM"/>
    <property name="file.encoding.pkg" value="sun.io"/>
    <property name="user.script" value=""/>
    <property name="user.country" value="US"/>
    <property name="sun.java.launcher" value="SUN_STANDARD"/>
    <property name="sun.os.patch.level" value="Service Pack 1"/>
    <property name="java.vm.specification.name" value="Java Virtual Machine Specification"/>
    <property name="user.dir" value="C:\mvnpratice\ch-multi"/>
    <property name="java.runtime.version" value="1.8.0_66-b18"/>
    <property name="java.awt.graphicsenv" value="sun.awt.Win32GraphicsEnvironment"/>
    <property name="java.endorsed.dirs" value="C:\Program Files (x86)\Java\jdk1.8.0_66\jre\lib\endorsed"/>
    <property name="os.arch" value="x86"/>
    <property name="java.io.tmpdir" value="C:\Users\Veeram21\AppData\Local\Temp\"/>
    <property name="line.separator" value="
"/>
    <property name="java.vm.specification.vendor" value="Oracle Corporation"/>
    <property name="user.variant" value=""/>
    <property name="os.name" value="Windows 7"/>
    <property name="classworlds.conf" value="C:/Program Files (x86)/apache-maven-3.3.3/bin/m2.conf"/>
    <property name="sun.jnu.encoding" value="Cp1252"/>
    <property name="java.library.path" value="C:\Program Files (x86)\Java\jdk1.8.0_66\bin;C:\windows\Sun\Java\bin;C:\windows\system32;C:\windows;C:\Users\Veeram21\bin;C:\Users\Veeram21\AppData\Local\Programs\Git\mingw64\bin;C:\Users\Veeram21\AppData\Local\Programs\Git\usr\local\bin;C:\Users\Veeram21\AppData\Local\Programs\Git\usr\bin;C:\Users\Veeram21\AppData\Local\Programs\Git\usr\bin;C:\Users\Veeram21\AppData\Local\Programs\Git\mingw64\bin;C:\Users\Veeram21\AppData\Local\Programs\Git\usr\bin;C:\Users\Veeram21\bin;C:\ProgramData\Oracle\Java\javapath;C:\windows\system32;C:\windows;C:\windows\System32\Wbem;C:\windows\System32\WindowsPowerShell\v1.0;C:\Program Files (x86)\IBM\Personal Communications;C:\Program Files (x86)\IBM\Trace Facility;C:\Program Files (x86)\Java\jdk1.8.0_65\bin;C:\Program Files (x86)\apache-tomcat-8.0.26\bin;C:\Program Files (x86)\apache-maven-3.3.3\bin;C:\Program Files (x86)\nexus-2.11.1-01-bundle\nexus-2.11.1-01\bin\jsw\windows-x86-64;C:\Users\IBM_ADMIN\subversion\bin;C:\Program Files (x86)\MSBuild\14.0\Bin;C:\Program Files (x86)\Microsoft SQL Server\100\Tools\Binn;C:\Program Files\Microsoft SQL Server\100\Tools\Binn;C:\Program Files\Microsoft SQL Server\100\DTS\Binn;C:\Program Files\TortoiseSVN\bin;C:\Program Files (x86)\RSA Security\RSA SecurID Software Token;C:\Users\Veeram21\Downloads\gradle-2.14-all\gradle-2.14\bin;C:\Users\Veeram21\Downloads\sonarqube-5.5\bin;C:\Users\Veeram21\svn\bin;C:\Users\Veeram21\AppData\Local\Programs\apache-maven-3.3.9\bin;C:\Users\Veeram21\AppData\Local\Programs\Git\usr\bin;C:\Users\Veeram21\AppData\Local\Programs\Git\usr\bin\vendor_perl;C:\Users\Veeram21\AppData\Local\Programs\Git\usr\bin\core_perl;."/>
    <property name="java.specification.name" value="Java Platform API Specification"/>
    <property name="java.class.version" value="52.0"/>
    <property name="sun.management.compiler" value="HotSpot Client Compiler"/>
    <property name="os.version" value="6.1"/>
    <property name="user.home" value="C:\Users\Veeram21"/>
    <property name="user.timezone" value="Asia/Calcutta"/>
    <property name="java.awt.printerjob" value="sun.awt.windows.WPrinterJob"/>
    <property name="java.specification.version" value="1.8"/>
    <property name="file.encoding" value="Cp1252"/>
    <property name="user.name" value="Veeram21"/>
    <property name="java.class.path" value="C:/Program Files (x86)/apache-maven-3.3.3/boot/plexus-classworlds-2.5.2.jar"/>
    <property name="java.vm.specification.version" value="1.8"/>
    <property name="sun.arch.data.model" value="32"/>
    <property name="java.home" value="C:\Program Files (x86)\Java\jdk1.8.0_66\jre"/>
    <property name="sun.java.command" value="org.codehaus.plexus.classworlds.launcher.Launcher package"/>
    <property name="java.specification.vendor" value="Oracle Corporation"/>
    <property name="user.language" value="en"/>
    <property name="awt.toolkit" value="sun.awt.windows.WToolkit"/>
    <property name="java.vm.info" value="mixed mode, sharing"/>
    <property name="java.version" value="1.8.0_66"/>
    <property name="java.ext.dirs" value="C:\Program Files (x86)\Java\jdk1.8.0_66\jre\lib\ext;C:\windows\Sun\Java\lib\ext"/>
    <property name="sun.boot.class.path" value="C:\Program Files (x86)\Java\jdk1.8.0_66\jre\lib\resources.jar;C:\Program Files (x86)\Java\jdk1.8.0_66\jre\lib\rt.jar;C:\Program Files (x86)\Java\jdk1.8.0_66\jre\lib\sunrsasign.jar;C:\Program Files (x86)\Java\jdk1.8.0_66\jre\lib\jsse.jar;C:\Program Files (x86)\Java\jdk1.8.0_66\jre\lib\jce.jar;C:\Program Files (x86)\Java\jdk1.8.0_66\jre\lib\charsets.jar;C:\Program Files (x86)\Java\jdk1.8.0_66\jre\lib\jfr.jar;C:\Program Files (x86)\Java\jdk1.8.0_66\jre\classes"/>
    <property name="java.vendor" value="Oracle Corporation"/>
    <property name="maven.home" value="C:\Program Files (x86)\apache-maven-3.3.3"/>
    <property name="file.separator" value="\"/>
    <property name="java.vendor.url.bug" value="http://bugreport.sun.com/bugreport/"/>
    <property name="sun.cpu.endian" value="little"/>
    <property name="sun.io.unicode.encoding" value="UnicodeLittle"/>
    <property name="sun.desktop" value="windows"/>
    <property name="sun.cpu.isalist" value="pentium_pro+mmx pentium_pro pentium+mmx pentium i486 i386 i86"/>
  </properties>
  <testcase classname="org.sonatype.mavenbook.weather.yahoo.WeatherFormatterTest" name="testFormat" time="0.312"/>
</testsuite>